[13/01/2010 19:49:37] /t
[13/01/2010 20:13:53] /m varkhal
[13/01/2010 20:14:03] /s varkhal
[13/01/2010 20:14:47] /reload talkaction
[13/01/2010 20:15:06] /s Varkhal
[13/01/2010 20:15:14] /m Varkhal
[13/01/2010 20:15:41] /n Varkhal
[13/01/2010 20:17:25] /reload talkaction
[13/01/2010 20:20:47] /reload talkaction
[13/01/2010 20:20:55] /reload npcs
[13/01/2010 20:23:31] /reload npc
[13/01/2010 20:27:50] /reload npc
[13/01/2010 20:35:12] /reload mods
[13/01/2010 20:35:34] /goto varkhal
[13/01/2010 20:35:46] /reload npc
[13/01/2010 20:38:14] /reload npc
[13/01/2010 20:39:43] /reload npc
[13/01/2010 20:43:14] /reload npc
[13/01/2010 20:46:16] /t
[13/01/2010 20:46:22] /save
[14/01/2010 08:54:13] /i crown backpack
[14/01/2010 08:55:10] /save
[14/01/2010 08:59:12] /save
[14/01/2010 08:59:37] /clean
[14/01/2010 09:00:01] /t
[14/01/2010 09:00:06] /save
[14/01/2010 12:24:06] /goto demon
[14/01/2010 12:25:41] /ghost
[14/01/2010 12:25:44] /ghost
[14/01/2010 12:26:23] /goto dark rodo
[14/01/2010 12:26:43] /t
[14/01/2010 12:27:32] /i blank rune
[14/01/2010 12:28:56] /t
[14/01/2010 12:29:40] /t
[14/01/2010 12:29:43] /save
[16/01/2010 13:46:25] /up
[16/01/2010 13:46:27] /up
[16/01/2010 13:46:36] /down
[16/01/2010 13:46:37] /down
[16/01/2010 13:46:38] /down
[16/01/2010 13:46:39] /down
[16/01/2010 13:46:40] /down
[16/01/2010 13:46:41] /down
[16/01/2010 13:46:43] /down
[16/01/2010 13:46:47] /up
[16/01/2010 13:46:48] /up
[16/01/2010 13:46:49] /up
[16/01/2010 13:46:50] /up
[16/01/2010 13:46:50] /up
[16/01/2010 13:46:51] /up
[16/01/2010 13:46:56] /t
[16/01/2010 14:02:08] /t
[16/01/2010 14:02:10] /t
[16/01/2010 14:02:15] /t
[16/01/2010 14:02:19] /save
[16/01/2010 15:16:48] /t
[16/01/2010 15:16:58] /m hydra
[16/01/2010 15:18:06] /reload groups
[16/01/2010 15:18:11] /t
[16/01/2010 15:18:14] /t
[16/01/2010 15:19:40] /m hydra
[16/01/2010 15:23:11] /m hydra
[16/01/2010 15:36:46] /m hydra
[16/01/2010 15:36:58] /c hydra
[16/01/2010 15:37:01] /c hydra
[16/01/2010 15:37:04] /c hydra
[16/01/2010 15:37:05] /c hydra
[16/01/2010 15:37:06] /c hydra
[16/01/2010 15:37:08] /c hydra
[16/01/2010 15:37:11] /c hydra
[16/01/2010 15:37:14] /c hydra
[16/01/2010 15:37:19] /c hydra
[16/01/2010 15:37:20] /c hydra
[16/01/2010 15:37:21] /c hydra
[16/01/2010 15:37:21] /c hydra
[16/01/2010 15:37:23] /c hydra
[16/01/2010 15:37:39] /c hydra
[16/01/2010 15:37:41] /c hydra
[16/01/2010 15:37:47] /r
[16/01/2010 15:38:00] /r
[16/01/2010 15:46:47] /goto hydra
[16/01/2010 15:46:50] /goto hydra
[16/01/2010 15:46:53] /goto hydra
[16/01/2010 15:46:55] /goto hydra
[16/01/2010 15:46:56] /goto hydra
[16/01/2010 15:47:01] /goto demon
[16/01/2010 15:47:47] /save
[16/01/2010 15:59:01] /t
[16/01/2010 15:59:06] /a 2
[16/01/2010 15:59:08] /a 2
[16/01/2010 15:59:09] /a 2
[16/01/2010 15:59:09] /a 2
[16/01/2010 15:59:14] /a 2
[16/01/2010 15:59:15] /a 2
[16/01/2010 15:59:17] /a 5
[16/01/2010 15:59:19] /a 5
[16/01/2010 15:59:19] /a 5
[16/01/2010 15:59:20] /a 5
[16/01/2010 15:59:21] /a 5
[16/01/2010 15:59:22] /a 5
[16/01/2010 15:59:23] /a 5
[16/01/2010 15:59:24] /a 5
[16/01/2010 15:59:24] /a 5
[16/01/2010 15:59:26] /a 5
[16/01/2010 15:59:27] /a 5
[16/01/2010 15:59:28] /a 5
[16/01/2010 15:59:29] /a 5
[16/01/2010 15:59:29] /a 5
[16/01/2010 15:59:30] /a 5
[16/01/2010 15:59:31] /a 5
[16/01/2010 15:59:31] /a 5
[16/01/2010 15:59:33] /a 5
[16/01/2010 15:59:44] /save
[16/01/2010 16:15:38] /town a
[16/01/2010 16:15:47] /town Walcker City
[16/01/2010 16:15:57] /town ardrak sland
[16/01/2010 16:17:29] /t
[16/01/2010 16:17:32] /save
